2026-03-21T06:40:28.326Z INFO @wdio/cli:launcher: Run onPrepare hook

Execution of 1 workers started at 2026-03-21T06:40:28.329Z

2026-03-21T06:40:28.331Z INFO @wdio/cli:launcher: Run onWorkerStart hook
2026-03-21T06:40:28.331Z INFO @wdio/xvfb: XvfbManager.init() called
2026-03-21T06:40:28.332Z INFO @wdio/xvfb: Xvfb not needed on current platform
2026-03-21T06:40:28.333Z INFO @wdio/local-runner: Start worker 0-0 with arg: run wdio.conf.ts --spec tests/Smoke/Onboarding.ts
2026-03-21T06:40:28.371Z INFO @wdio/xvfb:ProcessFactory: xvfb-run not found, falling back to regular fork
2026-03-21T06:40:28.371Z INFO @wdio/xvfb:ProcessFactory: ProcessFactory: shouldRun=false, isAvailable=false
2026-03-21T06:40:28.372Z INFO @wdio/xvfb:ProcessFactory: Creating worker process with regular fork
[0-0] 2026-03-21T06:40:30.317Z INFO @wdio/local-runner: Run worker command: run
[0-0] RUNNING in Android on Android - file:///C:/Users/User/Desktop/mobile-automation/tests/Smoke/Onboarding.ts
[0-0] 2026-03-21T06:40:30.666Z INFO webdriver: Initiate new session using the WebDriver protocol
[0-0] 2026-03-21T06:40:31.018Z ERROR webdriver: TypeError: Invalid URL
[0-0]     at new URL (node:internal/url:818:25)
[0-0]     at FetchRequest.createOptions (file:///C:/Users/User/Desktop/mobile-automation/node_modules/webdriver/build/node.js:1922:17)
[0-0]     at FetchRequest.createOptions (file:///C:/Users/User/Desktop/mobile-automation/node_modules/webdriver/build/node.js:2081:49)
[0-0]     at FetchRequest.makeRequest (file:///C:/Users/User/Desktop/mobile-automation/node_modules/webdriver/build/node.js:1891:48)
[0-0]     at startWebDriverSession (file:///C:/Users/User/Desktop/mobile-automation/node_modules/webdriver/build/node.js:1110:37)
[0-0]     at _WebDriver.newSession (file:///C:/Users/User/Desktop/mobile-automation/node_modules/webdriver/build/node.js:1532:47)
[0-0]     at async remote (C:\Users\User\Desktop\mobile-automation\node_modules\webdriverio\build\node.js:9056:20)
[0-0]     at async Runner._startSession (file:///C:/Users/User/Desktop/mobile-automation/node_modules/@wdio/runner/build/index.js:827:23)
[0-0]     at async Runner._initSession (file:///C:/Users/User/Desktop/mobile-automation/node_modules/@wdio/runner/build/index.js:801:22)
[0-0]     at async Runner.run (file:///C:/Users/User/Desktop/mobile-automation/node_modules/@wdio/runner/build/index.js:703:16)
[0-0] 2026-03-21T06:40:31.078Z ERROR @wdio/runner: Error: Invalid URL
[0-0]     at startWebDriverSession (file:///C:/Users/User/Desktop/mobile-automation/node_modules/webdriver/build/node.js:1114:11)
[0-0]     at async _WebDriver.newSession (file:///C:/Users/User/Desktop/mobile-automation/node_modules/webdriver/build/node.js:1532:41)
[0-0]     at async remote (C:\Users\User\Desktop\mobile-automation\node_modules\webdriverio\build\node.js:9056:20)
[0-0]     at async Runner._startSession (file:///C:/Users/User/Desktop/mobile-automation/node_modules/@wdio/runner/build/index.js:827:23)
[0-0]     at async Runner._initSession (file:///C:/Users/User/Desktop/mobile-automation/node_modules/@wdio/runner/build/index.js:801:22)
[0-0]     at async Runner.run (file:///C:/Users/User/Desktop/mobile-automation/node_modules/@wdio/runner/build/index.js:703:16)
[0-0] FAILED in Android on Android - file:///C:/Users/User/Desktop/mobile-automation/tests/Smoke/Onboarding.ts (1 retries)
2026-03-21T06:40:31.235Z INFO @wdio/cli:launcher: Run onWorkerEnd hook

 "spec" Reporter:
------------------------------------------------------------------
[emulator-5554 Android undefined #0-0] Running: emulator-5554 on Android undefined executing com.zippee.ridercod
[emulator-5554 Android undefined #0-0]
[emulator-5554 Android undefined #0-0] ✖ Failed to create a session:
[emulator-5554 Android undefined #0-0] Invalid URL
[emulator-5554 Android undefined #0-0]


Spec Files:	 0 passed, 1 failed, 1 total (100% completed) in 00:00:02  

2026-03-21T06:40:31.236Z INFO @wdio/local-runner: Shutting down spawned worker
2026-03-21T06:40:31.492Z INFO @wdio/local-runner: Waiting for 0 to shut down gracefully
2026-03-21T06:40:31.493Z INFO @wdio/local-runner: shutting down
2026-03-21T06:40:31.493Z INFO @wdio/cli:launcher: Run onComplete hook
